


ARM Macro Assembler    Page 1 


    1 00000000         ;******************** (C) COPYRIGHT 2021 ChipSea *******
                       *************
    2 00000000         ;* File Name          : startup_cs32f10x_xb.s
    3 00000000         ;* Author             : ChipSea MCU Group
    4 00000000         ;* Version            : V1.1.0
    5 00000000         ;* Description        : CS32F103xB devices vector table 
                       for MDK-ARM 
    6 00000000         ;*                      toolchain.  
    7 00000000         ;*                      This module performs:
    8 00000000         ;*                      - Set the initial SP
    9 00000000         ;*                      - Set the initial PC == Reset_Ha
                       ndler
   10 00000000         ;*                      - Set the vector table entries w
                       ith the exceptions ISR address
   11 00000000         ;*                      - Configure the clock system
   12 00000000         ;*                      - Branches to __main in the C li
                       brary (which eventually
   13 00000000         ;*                        calls main()).
   14 00000000         ;*                      After Reset the CortexM3 process
                       or is in Thread mode,
   15 00000000         ;*                      priority is Privileged, and the 
                       Stack is set to Main.
   16 00000000         
   17 00000000 00000800 
                       Stack_Size
                               EQU              0x00000800
   18 00000000         
   19 00000000                 AREA             STACK, NOINIT, READWRITE, ALIGN
=3
   20 00000000         Stack_Mem
                               SPACE            Stack_Size
   21 00000800         __initial_sp
   22 00000800         
   23 00000800         
   24 00000800         ; <h> Heap Configuration
   25 00000800         ;   <o>  Heap Size (in Bytes) <0x0-0xFFFFFFFF:8>
   26 00000800         ; </h>
   27 00000800         
   28 00000800 00000200 
                       Heap_Size
                               EQU              0x00000200
   29 00000800         
   30 00000800                 AREA             HEAP, NOINIT, READWRITE, ALIGN=
3
   31 00000000         __heap_base
   32 00000000         Heap_Mem
                               SPACE            Heap_Size
   33 00000200         __heap_limit
   34 00000200         
   35 00000200                 PRESERVE8
   36 00000200                 THUMB
   37 00000200         
   38 00000200         
   39 00000200         ; Vector Table Mapped to Address 0 at Reset
   40 00000200                 AREA             RESET, DATA, READONLY
   41 00000000                 EXPORT           __Vectors
   42 00000000                 EXPORT           __Vectors_End
   43 00000000                 EXPORT           __Vectors_Size
   44 00000000         



ARM Macro Assembler    Page 2 


   45 00000000 00000000 
                       __Vectors
                               DCD              __initial_sp ; Top of Stack
   46 00000004 00000000        DCD              Reset_Handler ; Reset Handler
   47 00000008 00000000        DCD              NMI_Handler ; NMI Handler
   48 0000000C 00000000        DCD              HardFault_Handler ; Hard Fault 
                                                            Handler
   49 00000010 00000000        DCD              MemManage_Handler 
                                                            ; MPU Fault Handler
                                                            
   50 00000014 00000000        DCD              BusFault_Handler 
                                                            ; Bus Fault Handler
                                                            
   51 00000018 00000000        DCD              UsageFault_Handler ; Usage Faul
                                                            t Handler
   52 0000001C 00000000        DCD              0           ; Reserved
   53 00000020 00000000        DCD              0           ; Reserved
   54 00000024 00000000        DCD              0           ; Reserved
   55 00000028 00000000        DCD              0           ; Reserved
   56 0000002C 00000000        DCD              SVC_Handler ; SVCall Handler
   57 00000030 00000000        DCD              DebugMon_Handler ; Debug Monito
                                                            r Handler
   58 00000034 00000000        DCD              0           ; Reserved
   59 00000038 00000000        DCD              PendSV_Handler ; PendSV Handler
                                                            
   60 0000003C 00000000        DCD              SysTick_Handler 
                                                            ; SysTick Handler
   61 00000040         
   62 00000040         ; External Interrupts
   63 00000040 00000000        DCD              WWDT_IRQHandler 
                                                            ; Window Watchdog
   64 00000044 00000000        DCD              PVD_IRQHandler ; PVD through EX
                                                            TI Line detect
   65 00000048 00000000        DCD              TAMPER_IRQHandler ; Tamper
   66 0000004C 00000000        DCD              RTC_IRQHandler ; RTC
   67 00000050 00000000        DCD              FLASH_IRQHandler ; Flash
   68 00000054 00000000        DCD              RCU_IRQHandler ; RCU
   69 00000058 00000000        DCD              EXTI0_IRQHandler ; EXTI Line 0
   70 0000005C 00000000        DCD              EXTI1_IRQHandler ; EXTI Line 1
   71 00000060 00000000        DCD              EXTI2_IRQHandler ; EXTI Line 2
   72 00000064 00000000        DCD              EXTI3_IRQHandler ; EXTI Line 3
   73 00000068 00000000        DCD              EXTI4_IRQHandler ; EXTI Line 4
   74 0000006C 00000000        DCD              DMA1_Channel1_IRQHandler 
                                                            ; DMA1 Channel 1
   75 00000070 00000000        DCD              DMA1_Channel2_IRQHandler 
                                                            ; DMA1 Channel 2
   76 00000074 00000000        DCD              DMA1_Channel3_IRQHandler 
                                                            ; DMA1 Channel 3
   77 00000078 00000000        DCD              DMA1_Channel4_IRQHandler 
                                                            ; DMA1 Channel 4
   78 0000007C 00000000        DCD              DMA1_Channel5_IRQHandler 
                                                            ; DMA1 Channel 5
   79 00000080 00000000        DCD              DMA1_Channel6_IRQHandler 
                                                            ; DMA1 Channel 6
   80 00000084 00000000        DCD              DMA1_Channel7_IRQHandler 
                                                            ; DMA1 Channel 7
   81 00000088 00000000        DCD              ADC1_2_IRQHandler ; ADC1_2
   82 0000008C 00000000        DCD              USB_HP_CAN1_TX_IRQHandler ; USB
                                                             High Priority or C



ARM Macro Assembler    Page 3 


                                                            AN1 TX
   83 00000090 00000000        DCD              USB_LP_CAN1_RX0_IRQHandler ; US
                                                            B Low  Priority or 
                                                            CAN1 RX0
   84 00000094 00000000        DCD              CAN1_RX1_IRQHandler ; CAN1 RX1
   85 00000098 00000000        DCD              CAN1_SCE_IRQHandler ; CAN1 SCE
   86 0000009C 00000000        DCD              EXTI9_5_IRQHandler 
                                                            ; EXTI Line 9..5
   87 000000A0 00000000        DCD              TIM1_BRK_IRQHandler 
                                                            ; TIM1 Break
   88 000000A4 00000000        DCD              TIM1_UP_IRQHandler 
                                                            ; TIM1 Update
   89 000000A8 00000000        DCD              TIM1_TRG_COM_IRQHandler ; TIM1 
                                                            Trigger and Commuta
                                                            tion
   90 000000AC 00000000        DCD              TIM1_CC_IRQHandler ; TIM1 Captu
                                                            re Compare
   91 000000B0 00000000        DCD              TIM2_IRQHandler ; TIM2
   92 000000B4 00000000        DCD              TIM3_IRQHandler ; TIM3
   93 000000B8 00000000        DCD              TIM4_IRQHandler ; TIM4
   94 000000BC 00000000        DCD              I2C1_EV_IRQHandler ; I2C1 Event
                                                            
   95 000000C0 00000000        DCD              I2C1_ER_IRQHandler ; I2C1 Error
                                                            
   96 000000C4 00000000        DCD              I2C2_EV_IRQHandler ; I2C2 Event
                                                            
   97 000000C8 00000000        DCD              I2C2_ER_IRQHandler ; I2C2 Error
                                                            
   98 000000CC 00000000        DCD              SPI1_IRQHandler ; SPI1
   99 000000D0 00000000        DCD              SPI2_IRQHandler ; SPI2
  100 000000D4 00000000        DCD              USART1_IRQHandler ; USART1
  101 000000D8 00000000        DCD              USART2_IRQHandler ; USART2
  102 000000DC 00000000        DCD              USART3_IRQHandler ; USART3
  103 000000E0 00000000        DCD              EXTI15_10_IRQHandler 
                                                            ; EXTI Line 15..10
  104 000000E4 00000000        DCD              RTCAlarm_IRQHandler ; RTC Alarm
                                                             through EXTI Line
  105 000000E8 00000000        DCD              USBWakeUp_IRQHandler ; USB Wake
                                                            up from suspend
  106 000000EC         __Vectors_End
  107 000000EC         
  108 000000EC 000000EC 
                       __Vectors_Size
                               EQU              __Vectors_End - __Vectors
  109 000000EC         
  110 000000EC                 AREA             |.text|, CODE, READONLY
  111 00000000         
  112 00000000         ; Reset handler
  113 00000000         Reset_Handler
                               PROC
  114 00000000                 EXPORT           Reset_Handler             [WEAK
]
  115 00000000                 IMPORT           __main
  116 00000000                 IMPORT           SystemInit
  117 00000000 4806            LDR              R0, =SystemInit
  118 00000002 4780            BLX              R0
  119 00000004 4806            LDR              R0, =__main
  120 00000006 4700            BX               R0
  121 00000008                 ENDP



ARM Macro Assembler    Page 4 


  122 00000008         
  123 00000008         ; Dummy Exception Handlers (infinite loops which can be 
                       modified)
  124 00000008         
  125 00000008         NMI_Handler
                               PROC
  126 00000008                 EXPORT           NMI_Handler                [WEA
K]
  127 00000008 E7FE            B                .
  128 0000000A                 ENDP
  130 0000000A         HardFault_Handler
                               PROC
  131 0000000A                 EXPORT           HardFault_Handler          [WEA
K]
  132 0000000A E7FE            B                .
  133 0000000C                 ENDP
  135 0000000C         MemManage_Handler
                               PROC
  136 0000000C                 EXPORT           MemManage_Handler          [WEA
K]
  137 0000000C E7FE            B                .
  138 0000000E                 ENDP
  140 0000000E         BusFault_Handler
                               PROC
  141 0000000E                 EXPORT           BusFault_Handler           [WEA
K]
  142 0000000E E7FE            B                .
  143 00000010                 ENDP
  145 00000010         UsageFault_Handler
                               PROC
  146 00000010                 EXPORT           UsageFault_Handler         [WEA
K]
  147 00000010 E7FE            B                .
  148 00000012                 ENDP
  149 00000012         SVC_Handler
                               PROC
  150 00000012                 EXPORT           SVC_Handler                [WEA
K]
  151 00000012 E7FE            B                .
  152 00000014                 ENDP
  154 00000014         DebugMon_Handler
                               PROC
  155 00000014                 EXPORT           DebugMon_Handler           [WEA
K]
  156 00000014 E7FE            B                .
  157 00000016                 ENDP
  158 00000016         PendSV_Handler
                               PROC
  159 00000016                 EXPORT           PendSV_Handler             [WEA
K]
  160 00000016 E7FE            B                .
  161 00000018                 ENDP
  162 00000018         SysTick_Handler
                               PROC
  163 00000018                 EXPORT           SysTick_Handler            [WEA
K]
  164 00000018 E7FE            B                .
  165 0000001A                 ENDP
  166 0000001A         



ARM Macro Assembler    Page 5 


  167 0000001A         Default_Handler
                               PROC
  168 0000001A         
  169 0000001A                 EXPORT           WWDT_IRQHandler            [WEA
K]
  170 0000001A                 EXPORT           PVD_IRQHandler             [WEA
K]
  171 0000001A                 EXPORT           TAMPER_IRQHandler          [WEA
K]
  172 0000001A                 EXPORT           RTC_IRQHandler             [WEA
K]
  173 0000001A                 EXPORT           FLASH_IRQHandler           [WEA
K]
  174 0000001A                 EXPORT           RCU_IRQHandler             [WEA
K]
  175 0000001A                 EXPORT           EXTI0_IRQHandler           [WEA
K]
  176 0000001A                 EXPORT           EXTI1_IRQHandler           [WEA
K]
  177 0000001A                 EXPORT           EXTI2_IRQHandler           [WEA
K]
  178 0000001A                 EXPORT           EXTI3_IRQHandler           [WEA
K]
  179 0000001A                 EXPORT           EXTI4_IRQHandler           [WEA
K]
  180 0000001A                 EXPORT           DMA1_Channel1_IRQHandler   [WEA
K]
  181 0000001A                 EXPORT           DMA1_Channel2_IRQHandler   [WEA
K]
  182 0000001A                 EXPORT           DMA1_Channel3_IRQHandler   [WEA
K]
  183 0000001A                 EXPORT           DMA1_Channel4_IRQHandler   [WEA
K]
  184 0000001A                 EXPORT           DMA1_Channel5_IRQHandler   [WEA
K]
  185 0000001A                 EXPORT           DMA1_Channel6_IRQHandler   [WEA
K]
  186 0000001A                 EXPORT           DMA1_Channel7_IRQHandler   [WEA
K]
  187 0000001A                 EXPORT           ADC1_2_IRQHandler          [WEA
K]
  188 0000001A                 EXPORT           USB_HP_CAN1_TX_IRQHandler  [WEA
K]
  189 0000001A                 EXPORT           USB_LP_CAN1_RX0_IRQHandler [WEA
K]
  190 0000001A                 EXPORT           CAN1_RX1_IRQHandler        [WEA
K]
  191 0000001A                 EXPORT           CAN1_SCE_IRQHandler        [WEA
K]
  192 0000001A                 EXPORT           EXTI9_5_IRQHandler         [WEA
K]
  193 0000001A                 EXPORT           TIM1_BRK_IRQHandler        [WEA
K]
  194 0000001A                 EXPORT           TIM1_UP_IRQHandler         [WEA
K]
  195 0000001A                 EXPORT           TIM1_TRG_COM_IRQHandler    [WEA
K]
  196 0000001A                 EXPORT           TIM1_CC_IRQHandler         [WEA
K]



ARM Macro Assembler    Page 6 


  197 0000001A                 EXPORT           TIM2_IRQHandler            [WEA
K]
  198 0000001A                 EXPORT           TIM3_IRQHandler            [WEA
K]
  199 0000001A                 EXPORT           TIM4_IRQHandler            [WEA
K]
  200 0000001A                 EXPORT           I2C1_EV_IRQHandler         [WEA
K]
  201 0000001A                 EXPORT           I2C1_ER_IRQHandler         [WEA
K]
  202 0000001A                 EXPORT           I2C2_EV_IRQHandler         [WEA
K]
  203 0000001A                 EXPORT           I2C2_ER_IRQHandler         [WEA
K]
  204 0000001A                 EXPORT           SPI1_IRQHandler            [WEA
K]
  205 0000001A                 EXPORT           SPI2_IRQHandler            [WEA
K]
  206 0000001A                 EXPORT           USART1_IRQHandler          [WEA
K]
  207 0000001A                 EXPORT           USART2_IRQHandler          [WEA
K]
  208 0000001A                 EXPORT           USART3_IRQHandler          [WEA
K]
  209 0000001A                 EXPORT           EXTI15_10_IRQHandler       [WEA
K]
  210 0000001A                 EXPORT           RTCAlarm_IRQHandler        [WEA
K]
  211 0000001A                 EXPORT           USBWakeUp_IRQHandler       [WEA
K]
  212 0000001A         
  213 0000001A         WWDT_IRQHandler
  214 0000001A         PVD_IRQHandler
  215 0000001A         TAMPER_IRQHandler
  216 0000001A         RTC_IRQHandler
  217 0000001A         FLASH_IRQHandler
  218 0000001A         RCU_IRQHandler
  219 0000001A         EXTI0_IRQHandler
  220 0000001A         EXTI1_IRQHandler
  221 0000001A         EXTI2_IRQHandler
  222 0000001A         EXTI3_IRQHandler
  223 0000001A         EXTI4_IRQHandler
  224 0000001A         DMA1_Channel1_IRQHandler
  225 0000001A         DMA1_Channel2_IRQHandler
  226 0000001A         DMA1_Channel3_IRQHandler
  227 0000001A         DMA1_Channel4_IRQHandler
  228 0000001A         DMA1_Channel5_IRQHandler
  229 0000001A         DMA1_Channel6_IRQHandler
  230 0000001A         DMA1_Channel7_IRQHandler
  231 0000001A         ADC1_2_IRQHandler
  232 0000001A         USB_HP_CAN1_TX_IRQHandler
  233 0000001A         USB_LP_CAN1_RX0_IRQHandler
  234 0000001A         CAN1_RX1_IRQHandler
  235 0000001A         CAN1_SCE_IRQHandler
  236 0000001A         EXTI9_5_IRQHandler
  237 0000001A         TIM1_BRK_IRQHandler
  238 0000001A         TIM1_UP_IRQHandler
  239 0000001A         TIM1_TRG_COM_IRQHandler
  240 0000001A         TIM1_CC_IRQHandler



ARM Macro Assembler    Page 7 


  241 0000001A         TIM2_IRQHandler
  242 0000001A         TIM3_IRQHandler
  243 0000001A         TIM4_IRQHandler
  244 0000001A         I2C1_EV_IRQHandler
  245 0000001A         I2C1_ER_IRQHandler
  246 0000001A         I2C2_EV_IRQHandler
  247 0000001A         I2C2_ER_IRQHandler
  248 0000001A         SPI1_IRQHandler
  249 0000001A         SPI2_IRQHandler
  250 0000001A         USART1_IRQHandler
  251 0000001A         USART2_IRQHandler
  252 0000001A         USART3_IRQHandler
  253 0000001A         EXTI15_10_IRQHandler
  254 0000001A         RTCAlarm_IRQHandler
  255 0000001A         USBWakeUp_IRQHandler
  256 0000001A         
  257 0000001A E7FE            B                .
  258 0000001C         
  259 0000001C                 ENDP
  260 0000001C         
  261 0000001C                 ALIGN
  262 0000001C         
  263 0000001C         ;*******************************************************
                       ************************
  264 0000001C         ; User Stack and Heap initialization
  265 0000001C         ;*******************************************************
                       ************************
  266 0000001C                 IF               :DEF:__MICROLIB
  267 0000001C         
  268 0000001C                 EXPORT           __initial_sp
  269 0000001C                 EXPORT           __heap_base
  270 0000001C                 EXPORT           __heap_limit
  271 0000001C         
  272 0000001C                 ELSE
  287                          ENDIF
  288 0000001C         
  289 0000001C                 END
              00000000 
              00000000 
Command Line: --xref --diag_suppress=9931 --cpu=Cortex-M3 --apcs=interwork --de
pend=.\objects\startup_cs32f103xb.d -o.\objects\startup_cs32f103xb.o -I.\RTE\_T
arget_1 -IC:\Users\14836\AppData\Local\Arm\Packs\ARM\CMSIS\5.9.0\CMSIS\Core\Inc
lude -IC:\Users\14836\AppData\Local\Arm\Packs\Chipsea\CS32F1xx_DFP\2.1.2\Code\D
evice\Driver\inc -IC:\Users\14836\AppData\Local\Arm\Packs\Chipsea\CS32F1xx_DFP\
2.1.2\Code\Device\Include --predefine="__MICROLIB SETA 1" --predefine="__UVISIO
N_VERSION SETA 540" --predefine="CS32F103xB SETA 1" --predefine="_RTE_ SETA 1" 
--list=.\listings\startup_cs32f103xb.lst RTE/Device/CS32F103VB/startup_cs32f103
xb.s



ARM Macro Assembler    Page 1 Alphabetic symbol ordering
Relocatable symbols

STACK 00000000

Symbol: STACK
   Definitions
      At line 19 in file RTE/Device/CS32F103VB/startup_cs32f103xb.s
   Uses
      None
Comment: STACK unused
Stack_Mem 00000000

Symbol: Stack_Mem
   Definitions
      At line 20 in file RTE/Device/CS32F103VB/startup_cs32f103xb.s
   Uses
      None
Comment: Stack_Mem unused
__initial_sp 00000800

Symbol: __initial_sp
   Definitions
      At line 21 in file RTE/Device/CS32F103VB/startup_cs32f103xb.s
   Uses
      At line 45 in file RTE/Device/CS32F103VB/startup_cs32f103xb.s
      At line 268 in file RTE/Device/CS32F103VB/startup_cs32f103xb.s

3 symbols



ARM Macro Assembler    Page 1 Alphabetic symbol ordering
Relocatable symbols

HEAP 00000000

Symbol: HEAP
   Definitions
      At line 30 in file RTE/Device/CS32F103VB/startup_cs32f103xb.s
   Uses
      None
Comment: HEAP unused
Heap_Mem 00000000

Symbol: Heap_Mem
   Definitions
      At line 32 in file RTE/Device/CS32F103VB/startup_cs32f103xb.s
   Uses
      None
Comment: Heap_Mem unused
__heap_base 00000000

Symbol: __heap_base
   Definitions
      At line 31 in file RTE/Device/CS32F103VB/startup_cs32f103xb.s
   Uses
      At line 269 in file RTE/Device/CS32F103VB/startup_cs32f103xb.s
Comment: __heap_base used once
__heap_limit 00000200

Symbol: __heap_limit
   Definitions
      At line 33 in file RTE/Device/CS32F103VB/startup_cs32f103xb.s
   Uses
      At line 270 in file RTE/Device/CS32F103VB/startup_cs32f103xb.s
Comment: __heap_limit used once
4 symbols



ARM Macro Assembler    Page 1 Alphabetic symbol ordering
Relocatable symbols

RESET 00000000

Symbol: RESET
   Definitions
      At line 40 in file RTE/Device/CS32F103VB/startup_cs32f103xb.s
   Uses
      None
Comment: RESET unused
__Vectors 00000000

Symbol: __Vectors
   Definitions
      At line 45 in file RTE/Device/CS32F103VB/startup_cs32f103xb.s
   Uses
      At line 41 in file RTE/Device/CS32F103VB/startup_cs32f103xb.s
      At line 108 in file RTE/Device/CS32F103VB/startup_cs32f103xb.s

__Vectors_End 000000EC

Symbol: __Vectors_End
   Definitions
      At line 106 in file RTE/Device/CS32F103VB/startup_cs32f103xb.s
   Uses
      At line 42 in file RTE/Device/CS32F103VB/startup_cs32f103xb.s
      At line 108 in file RTE/Device/CS32F103VB/startup_cs32f103xb.s

3 symbols



ARM Macro Assembler    Page 1 Alphabetic symbol ordering
Relocatable symbols

.text 00000000

Symbol: .text
   Definitions
      At line 110 in file RTE/Device/CS32F103VB/startup_cs32f103xb.s
   Uses
      None
Comment: .text unused
ADC1_2_IRQHandler 0000001A

Symbol: ADC1_2_IRQHandler
   Definitions
      At line 231 in file RTE/Device/CS32F103VB/startup_cs32f103xb.s
   Uses
      At line 81 in file RTE/Device/CS32F103VB/startup_cs32f103xb.s
      At line 187 in file RTE/Device/CS32F103VB/startup_cs32f103xb.s

BusFault_Handler 0000000E

Symbol: BusFault_Handler
   Definitions
      At line 140 in file RTE/Device/CS32F103VB/startup_cs32f103xb.s
   Uses
      At line 50 in file RTE/Device/CS32F103VB/startup_cs32f103xb.s
      At line 141 in file RTE/Device/CS32F103VB/startup_cs32f103xb.s

CAN1_RX1_IRQHandler 0000001A

Symbol: CAN1_RX1_IRQHandler
   Definitions
      At line 234 in file RTE/Device/CS32F103VB/startup_cs32f103xb.s
   Uses
      At line 84 in file RTE/Device/CS32F103VB/startup_cs32f103xb.s
      At line 190 in file RTE/Device/CS32F103VB/startup_cs32f103xb.s

CAN1_SCE_IRQHandler 0000001A

Symbol: CAN1_SCE_IRQHandler
   Definitions
      At line 235 in file RTE/Device/CS32F103VB/startup_cs32f103xb.s
   Uses
      At line 85 in file RTE/Device/CS32F103VB/startup_cs32f103xb.s
      At line 191 in file RTE/Device/CS32F103VB/startup_cs32f103xb.s

DMA1_Channel1_IRQHandler 0000001A

Symbol: DMA1_Channel1_IRQHandler
   Definitions
      At line 224 in file RTE/Device/CS32F103VB/startup_cs32f103xb.s
   Uses
      At line 74 in file RTE/Device/CS32F103VB/startup_cs32f103xb.s
      At line 180 in file RTE/Device/CS32F103VB/startup_cs32f103xb.s

DMA1_Channel2_IRQHandler 0000001A

Symbol: DMA1_Channel2_IRQHandler
   Definitions
      At line 225 in file RTE/Device/CS32F103VB/startup_cs32f103xb.s
   Uses



ARM Macro Assembler    Page 2 Alphabetic symbol ordering
Relocatable symbols

      At line 75 in file RTE/Device/CS32F103VB/startup_cs32f103xb.s
      At line 181 in file RTE/Device/CS32F103VB/startup_cs32f103xb.s

DMA1_Channel3_IRQHandler 0000001A

Symbol: DMA1_Channel3_IRQHandler
   Definitions
      At line 226 in file RTE/Device/CS32F103VB/startup_cs32f103xb.s
   Uses
      At line 76 in file RTE/Device/CS32F103VB/startup_cs32f103xb.s
      At line 182 in file RTE/Device/CS32F103VB/startup_cs32f103xb.s

DMA1_Channel4_IRQHandler 0000001A

Symbol: DMA1_Channel4_IRQHandler
   Definitions
      At line 227 in file RTE/Device/CS32F103VB/startup_cs32f103xb.s
   Uses
      At line 77 in file RTE/Device/CS32F103VB/startup_cs32f103xb.s
      At line 183 in file RTE/Device/CS32F103VB/startup_cs32f103xb.s

DMA1_Channel5_IRQHandler 0000001A

Symbol: DMA1_Channel5_IRQHandler
   Definitions
      At line 228 in file RTE/Device/CS32F103VB/startup_cs32f103xb.s
   Uses
      At line 78 in file RTE/Device/CS32F103VB/startup_cs32f103xb.s
      At line 184 in file RTE/Device/CS32F103VB/startup_cs32f103xb.s

DMA1_Channel6_IRQHandler 0000001A

Symbol: DMA1_Channel6_IRQHandler
   Definitions
      At line 229 in file RTE/Device/CS32F103VB/startup_cs32f103xb.s
   Uses
      At line 79 in file RTE/Device/CS32F103VB/startup_cs32f103xb.s
      At line 185 in file RTE/Device/CS32F103VB/startup_cs32f103xb.s

DMA1_Channel7_IRQHandler 0000001A

Symbol: DMA1_Channel7_IRQHandler
   Definitions
      At line 230 in file RTE/Device/CS32F103VB/startup_cs32f103xb.s
   Uses
      At line 80 in file RTE/Device/CS32F103VB/startup_cs32f103xb.s
      At line 186 in file RTE/Device/CS32F103VB/startup_cs32f103xb.s

DebugMon_Handler 00000014

Symbol: DebugMon_Handler
   Definitions
      At line 154 in file RTE/Device/CS32F103VB/startup_cs32f103xb.s
   Uses
      At line 57 in file RTE/Device/CS32F103VB/startup_cs32f103xb.s
      At line 155 in file RTE/Device/CS32F103VB/startup_cs32f103xb.s

Default_Handler 0000001A




ARM Macro Assembler    Page 3 Alphabetic symbol ordering
Relocatable symbols

Symbol: Default_Handler
   Definitions
      At line 167 in file RTE/Device/CS32F103VB/startup_cs32f103xb.s
   Uses
      None
Comment: Default_Handler unused
EXTI0_IRQHandler 0000001A

Symbol: EXTI0_IRQHandler
   Definitions
      At line 219 in file RTE/Device/CS32F103VB/startup_cs32f103xb.s
   Uses
      At line 69 in file RTE/Device/CS32F103VB/startup_cs32f103xb.s
      At line 175 in file RTE/Device/CS32F103VB/startup_cs32f103xb.s

EXTI15_10_IRQHandler 0000001A

Symbol: EXTI15_10_IRQHandler
   Definitions
      At line 253 in file RTE/Device/CS32F103VB/startup_cs32f103xb.s
   Uses
      At line 103 in file RTE/Device/CS32F103VB/startup_cs32f103xb.s
      At line 209 in file RTE/Device/CS32F103VB/startup_cs32f103xb.s

EXTI1_IRQHandler 0000001A

Symbol: EXTI1_IRQHandler
   Definitions
      At line 220 in file RTE/Device/CS32F103VB/startup_cs32f103xb.s
   Uses
      At line 70 in file RTE/Device/CS32F103VB/startup_cs32f103xb.s
      At line 176 in file RTE/Device/CS32F103VB/startup_cs32f103xb.s

EXTI2_IRQHandler 0000001A

Symbol: EXTI2_IRQHandler
   Definitions
      At line 221 in file RTE/Device/CS32F103VB/startup_cs32f103xb.s
   Uses
      At line 71 in file RTE/Device/CS32F103VB/startup_cs32f103xb.s
      At line 177 in file RTE/Device/CS32F103VB/startup_cs32f103xb.s

EXTI3_IRQHandler 0000001A

Symbol: EXTI3_IRQHandler
   Definitions
      At line 222 in file RTE/Device/CS32F103VB/startup_cs32f103xb.s
   Uses
      At line 72 in file RTE/Device/CS32F103VB/startup_cs32f103xb.s
      At line 178 in file RTE/Device/CS32F103VB/startup_cs32f103xb.s

EXTI4_IRQHandler 0000001A

Symbol: EXTI4_IRQHandler
   Definitions
      At line 223 in file RTE/Device/CS32F103VB/startup_cs32f103xb.s
   Uses
      At line 73 in file RTE/Device/CS32F103VB/startup_cs32f103xb.s
      At line 179 in file RTE/Device/CS32F103VB/startup_cs32f103xb.s



ARM Macro Assembler    Page 4 Alphabetic symbol ordering
Relocatable symbols


EXTI9_5_IRQHandler 0000001A

Symbol: EXTI9_5_IRQHandler
   Definitions
      At line 236 in file RTE/Device/CS32F103VB/startup_cs32f103xb.s
   Uses
      At line 86 in file RTE/Device/CS32F103VB/startup_cs32f103xb.s
      At line 192 in file RTE/Device/CS32F103VB/startup_cs32f103xb.s

FLASH_IRQHandler 0000001A

Symbol: FLASH_IRQHandler
   Definitions
      At line 217 in file RTE/Device/CS32F103VB/startup_cs32f103xb.s
   Uses
      At line 67 in file RTE/Device/CS32F103VB/startup_cs32f103xb.s
      At line 173 in file RTE/Device/CS32F103VB/startup_cs32f103xb.s

HardFault_Handler 0000000A

Symbol: HardFault_Handler
   Definitions
      At line 130 in file RTE/Device/CS32F103VB/startup_cs32f103xb.s
   Uses
      At line 48 in file RTE/Device/CS32F103VB/startup_cs32f103xb.s
      At line 131 in file RTE/Device/CS32F103VB/startup_cs32f103xb.s

I2C1_ER_IRQHandler 0000001A

Symbol: I2C1_ER_IRQHandler
   Definitions
      At line 245 in file RTE/Device/CS32F103VB/startup_cs32f103xb.s
   Uses
      At line 95 in file RTE/Device/CS32F103VB/startup_cs32f103xb.s
      At line 201 in file RTE/Device/CS32F103VB/startup_cs32f103xb.s

I2C1_EV_IRQHandler 0000001A

Symbol: I2C1_EV_IRQHandler
   Definitions
      At line 244 in file RTE/Device/CS32F103VB/startup_cs32f103xb.s
   Uses
      At line 94 in file RTE/Device/CS32F103VB/startup_cs32f103xb.s
      At line 200 in file RTE/Device/CS32F103VB/startup_cs32f103xb.s

I2C2_ER_IRQHandler 0000001A

Symbol: I2C2_ER_IRQHandler
   Definitions
      At line 247 in file RTE/Device/CS32F103VB/startup_cs32f103xb.s
   Uses
      At line 97 in file RTE/Device/CS32F103VB/startup_cs32f103xb.s
      At line 203 in file RTE/Device/CS32F103VB/startup_cs32f103xb.s

I2C2_EV_IRQHandler 0000001A

Symbol: I2C2_EV_IRQHandler
   Definitions



ARM Macro Assembler    Page 5 Alphabetic symbol ordering
Relocatable symbols

      At line 246 in file RTE/Device/CS32F103VB/startup_cs32f103xb.s
   Uses
      At line 96 in file RTE/Device/CS32F103VB/startup_cs32f103xb.s
      At line 202 in file RTE/Device/CS32F103VB/startup_cs32f103xb.s

MemManage_Handler 0000000C

Symbol: MemManage_Handler
   Definitions
      At line 135 in file RTE/Device/CS32F103VB/startup_cs32f103xb.s
   Uses
      At line 49 in file RTE/Device/CS32F103VB/startup_cs32f103xb.s
      At line 136 in file RTE/Device/CS32F103VB/startup_cs32f103xb.s

NMI_Handler 00000008

Symbol: NMI_Handler
   Definitions
      At line 125 in file RTE/Device/CS32F103VB/startup_cs32f103xb.s
   Uses
      At line 47 in file RTE/Device/CS32F103VB/startup_cs32f103xb.s
      At line 126 in file RTE/Device/CS32F103VB/startup_cs32f103xb.s

PVD_IRQHandler 0000001A

Symbol: PVD_IRQHandler
   Definitions
      At line 214 in file RTE/Device/CS32F103VB/startup_cs32f103xb.s
   Uses
      At line 64 in file RTE/Device/CS32F103VB/startup_cs32f103xb.s
      At line 170 in file RTE/Device/CS32F103VB/startup_cs32f103xb.s

PendSV_Handler 00000016

Symbol: PendSV_Handler
   Definitions
      At line 158 in file RTE/Device/CS32F103VB/startup_cs32f103xb.s
   Uses
      At line 59 in file RTE/Device/CS32F103VB/startup_cs32f103xb.s
      At line 159 in file RTE/Device/CS32F103VB/startup_cs32f103xb.s

RCU_IRQHandler 0000001A

Symbol: RCU_IRQHandler
   Definitions
      At line 218 in file RTE/Device/CS32F103VB/startup_cs32f103xb.s
   Uses
      At line 68 in file RTE/Device/CS32F103VB/startup_cs32f103xb.s
      At line 174 in file RTE/Device/CS32F103VB/startup_cs32f103xb.s

RTCAlarm_IRQHandler 0000001A

Symbol: RTCAlarm_IRQHandler
   Definitions
      At line 254 in file RTE/Device/CS32F103VB/startup_cs32f103xb.s
   Uses
      At line 104 in file RTE/Device/CS32F103VB/startup_cs32f103xb.s
      At line 210 in file RTE/Device/CS32F103VB/startup_cs32f103xb.s




ARM Macro Assembler    Page 6 Alphabetic symbol ordering
Relocatable symbols

RTC_IRQHandler 0000001A

Symbol: RTC_IRQHandler
   Definitions
      At line 216 in file RTE/Device/CS32F103VB/startup_cs32f103xb.s
   Uses
      At line 66 in file RTE/Device/CS32F103VB/startup_cs32f103xb.s
      At line 172 in file RTE/Device/CS32F103VB/startup_cs32f103xb.s

Reset_Handler 00000000

Symbol: Reset_Handler
   Definitions
      At line 113 in file RTE/Device/CS32F103VB/startup_cs32f103xb.s
   Uses
      At line 46 in file RTE/Device/CS32F103VB/startup_cs32f103xb.s
      At line 114 in file RTE/Device/CS32F103VB/startup_cs32f103xb.s

SPI1_IRQHandler 0000001A

Symbol: SPI1_IRQHandler
   Definitions
      At line 248 in file RTE/Device/CS32F103VB/startup_cs32f103xb.s
   Uses
      At line 98 in file RTE/Device/CS32F103VB/startup_cs32f103xb.s
      At line 204 in file RTE/Device/CS32F103VB/startup_cs32f103xb.s

SPI2_IRQHandler 0000001A

Symbol: SPI2_IRQHandler
   Definitions
      At line 249 in file RTE/Device/CS32F103VB/startup_cs32f103xb.s
   Uses
      At line 99 in file RTE/Device/CS32F103VB/startup_cs32f103xb.s
      At line 205 in file RTE/Device/CS32F103VB/startup_cs32f103xb.s

SVC_Handler 00000012

Symbol: SVC_Handler
   Definitions
      At line 149 in file RTE/Device/CS32F103VB/startup_cs32f103xb.s
   Uses
      At line 56 in file RTE/Device/CS32F103VB/startup_cs32f103xb.s
      At line 150 in file RTE/Device/CS32F103VB/startup_cs32f103xb.s

SysTick_Handler 00000018

Symbol: SysTick_Handler
   Definitions
      At line 162 in file RTE/Device/CS32F103VB/startup_cs32f103xb.s
   Uses
      At line 60 in file RTE/Device/CS32F103VB/startup_cs32f103xb.s
      At line 163 in file RTE/Device/CS32F103VB/startup_cs32f103xb.s

TAMPER_IRQHandler 0000001A

Symbol: TAMPER_IRQHandler
   Definitions
      At line 215 in file RTE/Device/CS32F103VB/startup_cs32f103xb.s



ARM Macro Assembler    Page 7 Alphabetic symbol ordering
Relocatable symbols

   Uses
      At line 65 in file RTE/Device/CS32F103VB/startup_cs32f103xb.s
      At line 171 in file RTE/Device/CS32F103VB/startup_cs32f103xb.s

TIM1_BRK_IRQHandler 0000001A

Symbol: TIM1_BRK_IRQHandler
   Definitions
      At line 237 in file RTE/Device/CS32F103VB/startup_cs32f103xb.s
   Uses
      At line 87 in file RTE/Device/CS32F103VB/startup_cs32f103xb.s
      At line 193 in file RTE/Device/CS32F103VB/startup_cs32f103xb.s

TIM1_CC_IRQHandler 0000001A

Symbol: TIM1_CC_IRQHandler
   Definitions
      At line 240 in file RTE/Device/CS32F103VB/startup_cs32f103xb.s
   Uses
      At line 90 in file RTE/Device/CS32F103VB/startup_cs32f103xb.s
      At line 196 in file RTE/Device/CS32F103VB/startup_cs32f103xb.s

TIM1_TRG_COM_IRQHandler 0000001A

Symbol: TIM1_TRG_COM_IRQHandler
   Definitions
      At line 239 in file RTE/Device/CS32F103VB/startup_cs32f103xb.s
   Uses
      At line 89 in file RTE/Device/CS32F103VB/startup_cs32f103xb.s
      At line 195 in file RTE/Device/CS32F103VB/startup_cs32f103xb.s

TIM1_UP_IRQHandler 0000001A

Symbol: TIM1_UP_IRQHandler
   Definitions
      At line 238 in file RTE/Device/CS32F103VB/startup_cs32f103xb.s
   Uses
      At line 88 in file RTE/Device/CS32F103VB/startup_cs32f103xb.s
      At line 194 in file RTE/Device/CS32F103VB/startup_cs32f103xb.s

TIM2_IRQHandler 0000001A

Symbol: TIM2_IRQHandler
   Definitions
      At line 241 in file RTE/Device/CS32F103VB/startup_cs32f103xb.s
   Uses
      At line 91 in file RTE/Device/CS32F103VB/startup_cs32f103xb.s
      At line 197 in file RTE/Device/CS32F103VB/startup_cs32f103xb.s

TIM3_IRQHandler 0000001A

Symbol: TIM3_IRQHandler
   Definitions
      At line 242 in file RTE/Device/CS32F103VB/startup_cs32f103xb.s
   Uses
      At line 92 in file RTE/Device/CS32F103VB/startup_cs32f103xb.s
      At line 198 in file RTE/Device/CS32F103VB/startup_cs32f103xb.s

TIM4_IRQHandler 0000001A



ARM Macro Assembler    Page 8 Alphabetic symbol ordering
Relocatable symbols


Symbol: TIM4_IRQHandler
   Definitions
      At line 243 in file RTE/Device/CS32F103VB/startup_cs32f103xb.s
   Uses
      At line 93 in file RTE/Device/CS32F103VB/startup_cs32f103xb.s
      At line 199 in file RTE/Device/CS32F103VB/startup_cs32f103xb.s

USART1_IRQHandler 0000001A

Symbol: USART1_IRQHandler
   Definitions
      At line 250 in file RTE/Device/CS32F103VB/startup_cs32f103xb.s
   Uses
      At line 100 in file RTE/Device/CS32F103VB/startup_cs32f103xb.s
      At line 206 in file RTE/Device/CS32F103VB/startup_cs32f103xb.s

USART2_IRQHandler 0000001A

Symbol: USART2_IRQHandler
   Definitions
      At line 251 in file RTE/Device/CS32F103VB/startup_cs32f103xb.s
   Uses
      At line 101 in file RTE/Device/CS32F103VB/startup_cs32f103xb.s
      At line 207 in file RTE/Device/CS32F103VB/startup_cs32f103xb.s

USART3_IRQHandler 0000001A

Symbol: USART3_IRQHandler
   Definitions
      At line 252 in file RTE/Device/CS32F103VB/startup_cs32f103xb.s
   Uses
      At line 102 in file RTE/Device/CS32F103VB/startup_cs32f103xb.s
      At line 208 in file RTE/Device/CS32F103VB/startup_cs32f103xb.s

USBWakeUp_IRQHandler 0000001A

Symbol: USBWakeUp_IRQHandler
   Definitions
      At line 255 in file RTE/Device/CS32F103VB/startup_cs32f103xb.s
   Uses
      At line 105 in file RTE/Device/CS32F103VB/startup_cs32f103xb.s
      At line 211 in file RTE/Device/CS32F103VB/startup_cs32f103xb.s

USB_HP_CAN1_TX_IRQHandler 0000001A

Symbol: USB_HP_CAN1_TX_IRQHandler
   Definitions
      At line 232 in file RTE/Device/CS32F103VB/startup_cs32f103xb.s
   Uses
      At line 82 in file RTE/Device/CS32F103VB/startup_cs32f103xb.s
      At line 188 in file RTE/Device/CS32F103VB/startup_cs32f103xb.s

USB_LP_CAN1_RX0_IRQHandler 0000001A

Symbol: USB_LP_CAN1_RX0_IRQHandler
   Definitions
      At line 233 in file RTE/Device/CS32F103VB/startup_cs32f103xb.s
   Uses



ARM Macro Assembler    Page 9 Alphabetic symbol ordering
Relocatable symbols

      At line 83 in file RTE/Device/CS32F103VB/startup_cs32f103xb.s
      At line 189 in file RTE/Device/CS32F103VB/startup_cs32f103xb.s

UsageFault_Handler 00000010

Symbol: UsageFault_Handler
   Definitions
      At line 145 in file RTE/Device/CS32F103VB/startup_cs32f103xb.s
   Uses
      At line 51 in file RTE/Device/CS32F103VB/startup_cs32f103xb.s
      At line 146 in file RTE/Device/CS32F103VB/startup_cs32f103xb.s

WWDT_IRQHandler 0000001A

Symbol: WWDT_IRQHandler
   Definitions
      At line 213 in file RTE/Device/CS32F103VB/startup_cs32f103xb.s
   Uses
      At line 63 in file RTE/Device/CS32F103VB/startup_cs32f103xb.s
      At line 169 in file RTE/Device/CS32F103VB/startup_cs32f103xb.s

55 symbols



ARM Macro Assembler    Page 1 Alphabetic symbol ordering
Absolute symbols

Heap_Size 00000200

Symbol: Heap_Size
   Definitions
      At line 28 in file RTE/Device/CS32F103VB/startup_cs32f103xb.s
   Uses
      At line 32 in file RTE/Device/CS32F103VB/startup_cs32f103xb.s
Comment: Heap_Size used once
Stack_Size 00000800

Symbol: Stack_Size
   Definitions
      At line 17 in file RTE/Device/CS32F103VB/startup_cs32f103xb.s
   Uses
      At line 20 in file RTE/Device/CS32F103VB/startup_cs32f103xb.s
Comment: Stack_Size used once
__Vectors_Size 000000EC

Symbol: __Vectors_Size
   Definitions
      At line 108 in file RTE/Device/CS32F103VB/startup_cs32f103xb.s
   Uses
      At line 43 in file RTE/Device/CS32F103VB/startup_cs32f103xb.s
Comment: __Vectors_Size used once
3 symbols



ARM Macro Assembler    Page 1 Alphabetic symbol ordering
External symbols

SystemInit 00000000

Symbol: SystemInit
   Definitions
      At line 116 in file RTE/Device/CS32F103VB/startup_cs32f103xb.s
   Uses
      At line 117 in file RTE/Device/CS32F103VB/startup_cs32f103xb.s
Comment: SystemInit used once
__main 00000000

Symbol: __main
   Definitions
      At line 115 in file RTE/Device/CS32F103VB/startup_cs32f103xb.s
   Uses
      At line 119 in file RTE/Device/CS32F103VB/startup_cs32f103xb.s
Comment: __main used once
2 symbols
406 symbols in table
